WARNING: A terminally deprecated method in sun.misc.Unsafe has been called
WARNING: sun.misc.Unsafe::staticFieldBase has been called by com.google.inject.internal.aop.HiddenClassDefiner (file:/C:/Users/Pablo/.m2/wrapper/dists/apache-maven-3.9.11/03d7e36a140982eea48e22c1dcac01d8862b2550b2939e09a0809bbc5182a5bc/lib/guice-5.1.0-classes.jar)
WARNING: Please consider reporting this to the maintainers of class com.google.inject.internal.aop.HiddenClassDefiner
WARNING: sun.misc.Unsafe::staticFieldBase will be removed in a future release
[INFO] Scanning for projects...
[INFO] 
[INFO] ---------------------< com.example.elarayax:naves >---------------------
[INFO] Building naves 0.0.1-SNAPSHOT
[INFO]   from pom.xml
[INFO] --------------------------------[ jar ]---------------------------------
[INFO] 
[INFO] --- clean:3.4.1:clean (default-clean) @ naves ---
[INFO] Deleting C:\Users\Pablo\Documents\Backend_Tienda\target
[INFO] 
[INFO] --- resources:3.3.1:resources (default-resources) @ naves ---
[INFO] Copying 1 resource from src\main\resources to target\classes
[INFO] Copying 0 resource from src\main\resources to target\classes
[INFO] 
[INFO] --- compiler:3.14.1:compile (default-compile) @ naves ---
[INFO] Recompiling the module because of changed source code.
[INFO] Compiling 72 source files with javac [debug parameters release 21] to target\classes
[INFO] -------------------------------------------------------------
[ERROR] COMPILATION ERROR : 
[INFO] -------------------------------------------------------------
[ERROR] /C:/Users/Pablo/Documents/Backend_Tienda/src/main/java/com/example/elarayax/naves/security/JwtUtil.java:[3,8] class JwUtil is public, should be declared in a file named JwUtil.java
[ERROR] /C:/Users/Pablo/Documents/Backend_Tienda/src/main/java/com/example/elarayax/naves/controller/AuthController.java:[28,53] cannot find symbol
  symbol:   method getCorreo()
  location: variable usuario of type com.example.elarayax.naves.model.Usuario
[ERROR] /C:/Users/Pablo/Documents/Backend_Tienda/src/main/java/com/example/elarayax/naves/controller/AuthController.java:[32,61] cannot find symbol
  symbol:   method getContrasena()
  location: variable usuario of type com.example.elarayax.naves.model.Usuario
[ERROR] /C:/Users/Pablo/Documents/Backend_Tienda/src/main/java/com/example/elarayax/naves/controller/AuthController.java:[34,16] cannot find symbol
  symbol:   method setRol(java.lang.String)
  location: variable usuario of type com.example.elarayax.naves.model.Usuario
[ERROR] /C:/Users/Pablo/Documents/Backend_Tienda/src/main/java/com/example/elarayax/naves/controller/AuthController.java:[36,34] cannot find symbol
  symbol:   method getCorreo()
  location: variable usuario of type com.example.elarayax.naves.model.Usuario
[ERROR] /C:/Users/Pablo/Documents/Backend_Tienda/src/main/java/com/example/elarayax/naves/controller/AuthController.java:[49,65] cannot find symbol
  symbol:   method getCorreo()
  location: variable request of type com.example.elarayax.naves.dto.LoginRequest
[ERROR] /C:/Users/Pablo/Documents/Backend_Tienda/src/main/java/com/example/elarayax/naves/controller/AuthController.java:[51,64] cannot find symbol
  symbol:   method getContrasena()
  location: variable request of type com.example.elarayax.naves.dto.LoginRequest
[ERROR] /C:/Users/Pablo/Documents/Backend_Tienda/src/main/java/com/example/elarayax/naves/controller/AuthController.java:[51,89] cannot find symbol
  symbol:   method getContrasena()
  location: variable usuario of type com.example.elarayax.naves.model.Usuario
[ERROR] /C:/Users/Pablo/Documents/Backend_Tienda/src/main/java/com/example/elarayax/naves/controller/CategoriaController.java:[53,18] cannot find symbol
  symbol:   method setId(java.lang.Long)
  location: variable categoria of type com.example.elarayax.naves.model.Categoria
[ERROR] /C:/Users/Pablo/Documents/Backend_Tienda/src/main/java/com/example/elarayax/naves/controller/CategoriaController.java:[63,18] cannot find symbol
  symbol:   method setId(java.lang.Long)
  location: variable categoria of type com.example.elarayax.naves.model.Categoria
[ERROR] /C:/Users/Pablo/Documents/Backend_Tienda/src/main/java/com/example/elarayax/naves/service/CategoriaService.java:[41,77] cannot find symbol
  symbol:   method getId()
  location: variable categoria of type com.example.elarayax.naves.model.Categoria
[ERROR] /C:/Users/Pablo/Documents/Backend_Tienda/src/main/java/com/example/elarayax/naves/service/CategoriaService.java:[43,26] cannot find symbol
  symbol:   method getTipoCategoria()
  location: variable categoria of type com.example.elarayax.naves.model.Categoria
[ERROR] /C:/Users/Pablo/Documents/Backend_Tienda/src/main/java/com/example/elarayax/naves/service/CategoriaService.java:[44,61] cannot find symbol
  symbol:   method getTipoCategoria()
  location: variable categoria of type com.example.elarayax.naves.model.Categoria
[ERROR] /C:/Users/Pablo/Documents/Backend_Tienda/src/main/java/com/example/elarayax/naves/controller/ComprobanteController.java:[61,20] cannot find symbol
  symbol:   method setId(java.lang.Long)
  location: variable comprobante of type com.example.elarayax.naves.model.Comprobante
[ERROR] /C:/Users/Pablo/Documents/Backend_Tienda/src/main/java/com/example/elarayax/naves/service/ComprobanteService.java:[59,54] cannot find symbol
  symbol:   method getUsuarioId()
  location: variable req of type com.example.elarayax.naves.dto.CarritoRequest
[ERROR] /C:/Users/Pablo/Documents/Backend_Tienda/src/main/java/com/example/elarayax/naves/service/ComprobanteService.java:[64,51] cannot find symbol
  symbol:   method getEstadoId()
  location: variable req of type com.example.elarayax.naves.dto.CarritoRequest
[ERROR] /C:/Users/Pablo/Documents/Backend_Tienda/src/main/java/com/example/elarayax/naves/service/ComprobanteService.java:[69,59] cannot find symbol
  symbol:   method getMetodoPagoId()
  location: variable req of type com.example.elarayax.naves.dto.CarritoRequest
[ERROR] /C:/Users/Pablo/Documents/Backend_Tienda/src/main/java/com/example/elarayax/naves/service/ComprobanteService.java:[75,20] cannot find symbol
  symbol:   method setId(<nulltype>)
  location: variable comprobante of type com.example.elarayax.naves.model.Comprobante
[ERROR] /C:/Users/Pablo/Documents/Backend_Tienda/src/main/java/com/example/elarayax/naves/service/ComprobanteService.java:[76,20] cannot find symbol
  symbol:   method setUsuario(com.example.elarayax.naves.model.Usuario)
  location: variable comprobante of type com.example.elarayax.naves.model.Comprobante
[ERROR] /C:/Users/Pablo/Documents/Backend_Tienda/src/main/java/com/example/elarayax/naves/service/ComprobanteService.java:[77,20] cannot find symbol
  symbol:   method setEstado(com.example.elarayax.naves.model.Estado)
  location: variable comprobante of type com.example.elarayax.naves.model.Comprobante
[ERROR] /C:/Users/Pablo/Documents/Backend_Tienda/src/main/java/com/example/elarayax/naves/service/ComprobanteService.java:[78,20] cannot find symbol
  symbol:   method setMetodoPago(com.example.elarayax.naves.model.MetodoPago)
  location: variable comprobante of type com.example.elarayax.naves.model.Comprobante
[ERROR] /C:/Users/Pablo/Documents/Backend_Tienda/src/main/java/com/example/elarayax/naves/service/ComprobanteService.java:[79,20] cannot find symbol
  symbol:   method setFechaOrden(java.lang.String)
  location: variable comprobante of type com.example.elarayax.naves.model.Comprobante
[ERROR] /C:/Users/Pablo/Documents/Backend_Tienda/src/main/java/com/example/elarayax/naves/service/ComprobanteService.java:[80,20] cannot find symbol
  symbol:   method setTotalCompra(double)
  location: variable comprobante of type com.example.elarayax.naves.model.Comprobante
[ERROR] /C:/Users/Pablo/Documents/Backend_Tienda/src/main/java/com/example/elarayax/naves/service/ComprobanteService.java:[86,43] cannot find symbol
  symbol:   method getItems()
  location: variable req of type com.example.elarayax.naves.dto.CarritoRequest
[ERROR] /C:/Users/Pablo/Documents/Backend_Tienda/src/main/java/com/example/elarayax/naves/service/ComprobanteService.java:[88,62] cannot find symbol
  symbol:   method getProductoId()
  location: variable item of type com.example.elarayax.naves.dto.CarritoItemRequest
[ERROR] /C:/Users/Pablo/Documents/Backend_Tienda/src/main/java/com/example/elarayax/naves/service/ComprobanteService.java:[90,77] cannot find symbol
  symbol:   method getProductoId()
  location: variable item of type com.example.elarayax.naves.dto.CarritoItemRequest
[ERROR] /C:/Users/Pablo/Documents/Backend_Tienda/src/main/java/com/example/elarayax/naves/service/ComprobanteService.java:[94,37] cannot find symbol
  symbol:   method getCantidad()
  location: variable item of type com.example.elarayax.naves.dto.CarritoItemRequest
[ERROR] /C:/Users/Pablo/Documents/Backend_Tienda/src/main/java/com/example/elarayax/naves/service/ComprobanteService.java:[95,43] cannot find symbol
  symbol:   method getPrecioUnitario()
  location: variable item of type com.example.elarayax.naves.dto.CarritoItemRequest
[ERROR] /C:/Users/Pablo/Documents/Backend_Tienda/src/main/java/com/example/elarayax/naves/service/ComprobanteService.java:[96,20] cannot find symbol
  symbol:   method setProducto(com.example.elarayax.naves.model.Producto)
  location: variable detalle of type com.example.elarayax.naves.model.DetalleComprobante
[ERROR] /C:/Users/Pablo/Documents/Backend_Tienda/src/main/java/com/example/elarayax/naves/service/ComprobanteService.java:[97,20] cannot find symbol
  symbol:   method setComprobante(com.example.elarayax.naves.model.Comprobante)
  location: variable detalle of type com.example.elarayax.naves.model.DetalleComprobante
[ERROR] /C:/Users/Pablo/Documents/Backend_Tienda/src/main/java/com/example/elarayax/naves/service/ComprobanteService.java:[101,26] cannot find symbol
  symbol:   method getCantidad()
  location: variable item of type com.example.elarayax.naves.dto.CarritoItemRequest
[ERROR] /C:/Users/Pablo/Documents/Backend_Tienda/src/main/java/com/example/elarayax/naves/service/ComprobanteService.java:[101,47] cannot find symbol
  symbol:   method getPrecioUnitario()
  location: variable item of type com.example.elarayax.naves.dto.CarritoItemRequest
[ERROR] /C:/Users/Pablo/Documents/Backend_Tienda/src/main/java/com/example/elarayax/naves/service/ComprobanteService.java:[104,20] cannot find symbol
  symbol:   method setTotalCompra(double)
  location: variable comprobante of type com.example.elarayax.naves.model.Comprobante
[ERROR] /C:/Users/Pablo/Documents/Backend_Tienda/src/main/java/com/example/elarayax/naves/service/ComprobanteService.java:[109,85] cannot find symbol
  symbol:   method getId()
  location: variable comprobante of type com.example.elarayax.naves.model.Comprobante
[ERROR] /C:/Users/Pablo/Documents/Backend_Tienda/src/main/java/com/example/elarayax/naves/service/ComprobanteService.java:[111,28] cannot find symbol
  symbol:   method getFechaOrden()
  location: variable comprobante of type com.example.elarayax.naves.model.Comprobante
[ERROR] /C:/Users/Pablo/Documents/Backend_Tienda/src/main/java/com/example/elarayax/naves/service/ComprobanteService.java:[112,62] cannot find symbol
  symbol:   method getFechaOrden()
  location: variable comprobante of type com.example.elarayax.naves.model.Comprobante
[ERROR] /C:/Users/Pablo/Documents/Backend_Tienda/src/main/java/com/example/elarayax/naves/service/ComprobanteService.java:[114,32] cannot find symbol
  symbol:   method getTotalCompra()
  location: variable comprobante of type com.example.elarayax.naves.model.Comprobante
[ERROR] /C:/Users/Pablo/Documents/Backend_Tienda/src/main/java/com/example/elarayax/naves/service/ComprobanteService.java:[115,63] cannot find symbol
  symbol:   method getTotalCompra()
  location: variable comprobante of type com.example.elarayax.naves.model.Comprobante
[ERROR] /C:/Users/Pablo/Documents/Backend_Tienda/src/main/java/com/example/elarayax/naves/service/ComprobanteService.java:[117,28] cannot find symbol
  symbol:   method getUsuario()
  location: variable comprobante of type com.example.elarayax.naves.model.Comprobante
[ERROR] /C:/Users/Pablo/Documents/Backend_Tienda/src/main/java/com/example/elarayax/naves/service/ComprobanteService.java:[118,59] cannot find symbol
  symbol:   method getUsuario()
  location: variable comprobante of type com.example.elarayax.naves.model.Comprobante
[ERROR] /C:/Users/Pablo/Documents/Backend_Tienda/src/main/java/com/example/elarayax/naves/service/ComprobanteService.java:[121,27] cannot find symbol
  symbol:   method getMetodoPago()
  location: variable comprobante of type com.example.elarayax.naves.model.Comprobante
[ERROR] /C:/Users/Pablo/Documents/Backend_Tienda/src/main/java/com/example/elarayax/naves/service/ComprobanteService.java:[122,62] cannot find symbol
  symbol:   method getMetodoPago()
  location: variable comprobante of type com.example.elarayax.naves.model.Comprobante
[ERROR] /C:/Users/Pablo/Documents/Backend_Tienda/src/main/java/com/example/elarayax/naves/service/ComprobanteService.java:[125,27] cannot find symbol
  symbol:   method getEstado()
  location: variable comprobante of type com.example.elarayax.naves.model.Comprobante
[ERROR] /C:/Users/Pablo/Documents/Backend_Tienda/src/main/java/com/example/elarayax/naves/service/ComprobanteService.java:[126,58] cannot find symbol
  symbol:   method getEstado()
  location: variable comprobante of type com.example.elarayax.naves.model.Comprobante
[ERROR] /C:/Users/Pablo/Documents/Backend_Tienda/src/main/java/com/example/elarayax/naves/service/ComprobanteService.java:[129,27] cannot find symbol
  symbol:   method getEnvio()
  location: variable comprobante of type com.example.elarayax.naves.model.Comprobante
[ERROR] /C:/Users/Pablo/Documents/Backend_Tienda/src/main/java/com/example/elarayax/naves/service/ComprobanteService.java:[130,57] cannot find symbol
  symbol:   method getEnvio()
  location: variable comprobante of type com.example.elarayax.naves.model.Comprobante
[ERROR] /C:/Users/Pablo/Documents/Backend_Tienda/src/main/java/com/example/elarayax/naves/service/UsuarioService.java:[35,70] cannot find symbol
  symbol:   method getCorreo()
  location: variable usuario of type com.example.elarayax.naves.model.Usuario
[ERROR] /C:/Users/Pablo/Documents/Backend_Tienda/src/main/java/com/example/elarayax/naves/service/UsuarioService.java:[37,68] cannot find symbol
  symbol:   method getContrasena()
  location: variable usuario of type com.example.elarayax.naves.model.Usuario
[ERROR] /C:/Users/Pablo/Documents/Backend_Tienda/src/main/java/com/example/elarayax/naves/service/UsuarioService.java:[37,98] cannot find symbol
  symbol:   method getContrasena()
  location: variable foundUsuario of type com.example.elarayax.naves.model.Usuario
[ERROR] /C:/Users/Pablo/Documents/Backend_Tienda/src/main/java/com/example/elarayax/naves/service/UsuarioService.java:[50,20] cannot find symbol
  symbol:   method getContrasena()
  location: variable usuario of type com.example.elarayax.naves.model.Usuario
[ERROR] /C:/Users/Pablo/Documents/Backend_Tienda/src/main/java/com/example/elarayax/naves/service/UsuarioService.java:[51,65] cannot find symbol
  symbol:   method getContrasena()
  location: variable usuario of type com.example.elarayax.naves.model.Usuario
[ERROR] /C:/Users/Pablo/Documents/Backend_Tienda/src/main/java/com/example/elarayax/naves/service/UsuarioService.java:[62,69] cannot find symbol
  symbol:   method getId()
  location: variable usuario of type com.example.elarayax.naves.model.Usuario
[ERROR] /C:/Users/Pablo/Documents/Backend_Tienda/src/main/java/com/example/elarayax/naves/service/UsuarioService.java:[65,24] cannot find symbol
  symbol:   method getNombre()
  location: variable usuario of type com.example.elarayax.naves.model.Usuario
[ERROR] /C:/Users/Pablo/Documents/Backend_Tienda/src/main/java/com/example/elarayax/naves/service/UsuarioService.java:[66,50] cannot find symbol
  symbol:   method getNombre()
  location: variable usuario of type com.example.elarayax.naves.model.Usuario
[ERROR] /C:/Users/Pablo/Documents/Backend_Tienda/src/main/java/com/example/elarayax/naves/service/UsuarioService.java:[69,24] cannot find symbol
  symbol:   method getCorreo()
  location: variable usuario of type com.example.elarayax.naves.model.Usuario
[ERROR] /C:/Users/Pablo/Documents/Backend_Tienda/src/main/java/com/example/elarayax/naves/service/UsuarioService.java:[70,50] cannot find symbol
  symbol:   method getCorreo()
  location: variable usuario of type com.example.elarayax.naves.model.Usuario
[ERROR] /C:/Users/Pablo/Documents/Backend_Tienda/src/main/java/com/example/elarayax/naves/service/UsuarioService.java:[73,24] cannot find symbol
  symbol:   method getContrasena()
  location: variable usuario of type com.example.elarayax.naves.model.Usuario
[ERROR] /C:/Users/Pablo/Documents/Backend_Tienda/src/main/java/com/example/elarayax/naves/service/UsuarioService.java:[74,77] cannot find symbol
  symbol:   method getContrasena()
  location: variable usuario of type com.example.elarayax.naves.model.Usuario
[ERROR] /C:/Users/Pablo/Documents/Backend_Tienda/src/main/java/com/example/elarayax/naves/service/UsuarioService.java:[77,24] cannot find symbol
  symbol:   method getRol()
  location: variable usuario of type com.example.elarayax.naves.model.Usuario
[ERROR] /C:/Users/Pablo/Documents/Backend_Tienda/src/main/java/com/example/elarayax/naves/service/UsuarioService.java:[78,47] cannot find symbol
  symbol:   method getRol()
  location: variable usuario of type com.example.elarayax.naves.model.Usuario
[ERROR] /C:/Users/Pablo/Documents/Backend_Tienda/src/main/java/com/example/elarayax/naves/service/EstadoService.java:[42,65] cannot find symbol
  symbol:   method getId()
  location: variable estado of type com.example.elarayax.naves.model.Estado
[ERROR] /C:/Users/Pablo/Documents/Backend_Tienda/src/main/java/com/example/elarayax/naves/service/EstadoService.java:[44,23] cannot find symbol
  symbol:   method getNombreEstado()
  location: variable estado of type com.example.elarayax.naves.model.Estado
[ERROR] /C:/Users/Pablo/Documents/Backend_Tienda/src/main/java/com/example/elarayax/naves/service/EstadoService.java:[45,54] cannot find symbol
  symbol:   method getNombreEstado()
  location: variable estado of type com.example.elarayax.naves.model.Estado
[ERROR] /C:/Users/Pablo/Documents/Backend_Tienda/src/main/java/com/example/elarayax/naves/service/MetodoPagoService.java:[33,81] cannot find symbol
  symbol:   method getId()
  location: variable metodoPago of type com.example.elarayax.naves.model.MetodoPago
[ERROR] /C:/Users/Pablo/Documents/Backend_Tienda/src/main/java/com/example/elarayax/naves/service/MetodoPagoService.java:[35,27] cannot find symbol
  symbol:   method getNombreMetodo()
  location: variable metodoPago of type com.example.elarayax.naves.model.MetodoPago
[ERROR] /C:/Users/Pablo/Documents/Backend_Tienda/src/main/java/com/example/elarayax/naves/service/MetodoPagoService.java:[36,62] cannot find symbol
  symbol:   method getNombreMetodo()
  location: variable metodoPago of type com.example.elarayax.naves.model.MetodoPago
[ERROR] /C:/Users/Pablo/Documents/Backend_Tienda/src/main/java/com/example/elarayax/naves/service/MetodoPagoService.java:[38,31] cannot find symbol
  symbol:   method getDescripcion()
  location: variable metodoPago of type com.example.elarayax.naves.model.MetodoPago
[ERROR] /C:/Users/Pablo/Documents/Backend_Tienda/src/main/java/com/example/elarayax/naves/service/MetodoPagoService.java:[39,61] cannot find symbol
  symbol:   method getDescripcion()
  location: variable metodoPago of type com.example.elarayax.naves.model.MetodoPago
[ERROR] /C:/Users/Pablo/Documents/Backend_Tienda/src/main/java/com/example/elarayax/naves/service/MetodoPagoService.java:[41,27] cannot find symbol
  symbol:   method getComision()
  location: variable metodoPago of type com.example.elarayax.naves.model.MetodoPago
[ERROR] /C:/Users/Pablo/Documents/Backend_Tienda/src/main/java/com/example/elarayax/naves/service/MetodoPagoService.java:[42,58] cannot find symbol
  symbol:   method getComision()
  location: variable metodoPago of type com.example.elarayax.naves.model.MetodoPago
[ERROR] /C:/Users/Pablo/Documents/Backend_Tienda/src/main/java/com/example/elarayax/naves/service/ProductoService.java:[67,16] cannot find symbol
  symbol:   method getNombreProducto()
  location: variable dto of type com.example.elarayax.naves.dto.ProductoDTO
[ERROR] /C:/Users/Pablo/Documents/Backend_Tienda/src/main/java/com/example/elarayax/naves/service/ProductoService.java:[67,69] cannot find symbol
  symbol:   method getNombreProducto()
  location: variable dto of type com.example.elarayax.naves.dto.ProductoDTO
[ERROR] /C:/Users/Pablo/Documents/Backend_Tienda/src/main/java/com/example/elarayax/naves/service/ProductoService.java:[68,16] cannot find symbol
  symbol:   method getPrecioProducto()
  location: variable dto of type com.example.elarayax.naves.dto.ProductoDTO
[ERROR] /C:/Users/Pablo/Documents/Backend_Tienda/src/main/java/com/example/elarayax/naves/service/ProductoService.java:[68,69] cannot find symbol
  symbol:   method getPrecioProducto()
  location: variable dto of type com.example.elarayax.naves.dto.ProductoDTO
[ERROR] /C:/Users/Pablo/Documents/Backend_Tienda/src/main/java/com/example/elarayax/naves/service/ProductoService.java:[69,16] cannot find symbol
  symbol:   method getStock()
  location: variable dto of type com.example.elarayax.naves.dto.ProductoDTO
[ERROR] /C:/Users/Pablo/Documents/Backend_Tienda/src/main/java/com/example/elarayax/naves/service/ProductoService.java:[69,51] cannot find symbol
  symbol:   method getStock()
  location: variable dto of type com.example.elarayax.naves.dto.ProductoDTO
[ERROR] /C:/Users/Pablo/Documents/Backend_Tienda/src/main/java/com/example/elarayax/naves/service/ProductoService.java:[71,16] cannot find symbol
  symbol:   method getCategoriaId()
  location: variable dto of type com.example.elarayax.naves.dto.ProductoDTO
[ERROR] /C:/Users/Pablo/Documents/Backend_Tienda/src/main/java/com/example/elarayax/naves/service/ProductoService.java:[72,59] cannot find symbol
  symbol:   method getCategoriaId()
  location: variable dto of type com.example.elarayax.naves.dto.ProductoDTO
[ERROR] /C:/Users/Pablo/Documents/Backend_Tienda/src/main/java/com/example/elarayax/naves/service/ProductoService.java:[74,14] cannot find symbol
  symbol:   method setCategoria(com.example.elarayax.naves.model.Categoria)
  location: variable p of type com.example.elarayax.naves.model.Producto
[ERROR] /C:/Users/Pablo/Documents/Backend_Tienda/src/main/java/com/example/elarayax/naves/service/ProductoService.java:[77,16] cannot find symbol
  symbol:   method getMarcaId()
  location: variable dto of type com.example.elarayax.naves.dto.ProductoDTO
[ERROR] /C:/Users/Pablo/Documents/Backend_Tienda/src/main/java/com/example/elarayax/naves/service/ProductoService.java:[78,51] cannot find symbol
  symbol:   method getMarcaId()
  location: variable dto of type com.example.elarayax.naves.dto.ProductoDTO
[ERROR] /C:/Users/Pablo/Documents/Backend_Tienda/src/main/java/com/example/elarayax/naves/service/ProductoService.java:[80,14] cannot find symbol
  symbol:   method setMarca(com.example.elarayax.naves.model.Marca)
  location: variable p of type com.example.elarayax.naves.model.Producto
[ERROR] /C:/Users/Pablo/Documents/Backend_Tienda/src/main/java/com/example/elarayax/naves/service/ProductoService.java:[83,16] cannot find symbol
  symbol:   method getTallaId()
  location: variable dto of type com.example.elarayax.naves.dto.ProductoDTO
[ERROR] /C:/Users/Pablo/Documents/Backend_Tienda/src/main/java/com/example/elarayax/naves/service/ProductoService.java:[84,51] cannot find symbol
  symbol:   method getTallaId()
  location: variable dto of type com.example.elarayax.naves.dto.ProductoDTO
[ERROR] /C:/Users/Pablo/Documents/Backend_Tienda/src/main/java/com/example/elarayax/naves/service/ProductoService.java:[86,14] cannot find symbol
  symbol:   method setTalla(com.example.elarayax.naves.model.Talla)
  location: variable p of type com.example.elarayax.naves.model.Producto
[ERROR] /C:/Users/Pablo/Documents/Backend_Tienda/src/main/java/com/example/elarayax/naves/service/ProductoService.java:[89,16] cannot find symbol
  symbol:   method getImagenUrl()
  location: variable dto of type com.example.elarayax.naves.dto.ProductoDTO
[ERROR] /C:/Users/Pablo/Documents/Backend_Tienda/src/main/java/com/example/elarayax/naves/service/ProductoService.java:[89,47] cannot find symbol
  symbol:   method getImagenUrl()
  location: variable dto of type com.example.elarayax.naves.dto.ProductoDTO
[ERROR] /C:/Users/Pablo/Documents/Backend_Tienda/src/main/java/com/example/elarayax/naves/service/ProductoService.java:[91,27] cannot find symbol
  symbol:   method getImagenUrl()
  location: variable dto of type com.example.elarayax.naves.dto.ProductoDTO
[ERROR] /C:/Users/Pablo/Documents/Backend_Tienda/src/main/java/com/example/elarayax/naves/service/ProductoService.java:[93,14] cannot find symbol
  symbol:   method setImagen(com.example.elarayax.naves.model.Imagen)
  location: variable p of type com.example.elarayax.naves.model.Producto
[ERROR] /C:/Users/Pablo/Documents/Backend_Tienda/src/main/java/com/example/elarayax/naves/service/ProductoService.java:[97,73] cannot find symbol
  symbol:   method getId()
  location: variable producto of type com.example.elarayax.naves.model.Producto
[ERROR] /C:/Users/Pablo/Documents/Backend_Tienda/src/main/java/com/example/elarayax/naves/service/ProductoService.java:[99,25] cannot find symbol
  symbol:   method getNombreProducto()
  location: variable producto of type com.example.elarayax.naves.model.Producto
[ERROR] /C:/Users/Pablo/Documents/Backend_Tienda/src/main/java/com/example/elarayax/naves/service/ProductoService.java:[100,60] cannot find symbol
  symbol:   method getNombreProducto()
  location: variable producto of type com.example.elarayax.naves.model.Producto
[ERROR] /C:/Users/Pablo/Documents/Backend_Tienda/src/main/java/com/example/elarayax/naves/service/ProductoService.java:[102,29] cannot find symbol
  symbol:   method getPrecioProducto()
  location: variable producto of type com.example.elarayax.naves.model.Producto
[ERROR] /C:/Users/Pablo/Documents/Backend_Tienda/src/main/java/com/example/elarayax/naves/service/ProductoService.java:[103,60] cannot find symbol
  symbol:   method getPrecioProducto()
  location: variable producto of type com.example.elarayax.naves.model.Producto
[ERROR] /C:/Users/Pablo/Documents/Backend_Tienda/src/main/java/com/example/elarayax/naves/service/ProductoService.java:[105,25] cannot find symbol
  symbol:   method getStock()
  location: variable producto of type com.example.elarayax.naves.model.Producto
[ERROR] /C:/Users/Pablo/Documents/Backend_Tienda/src/main/java/com/example/elarayax/naves/service/ProductoService.java:[106,51] cannot find symbol
  symbol:   method getStock()
  location: variable producto of type com.example.elarayax.naves.model.Producto
[ERROR] /C:/Users/Pablo/Documents/Backend_Tienda/src/main/java/com/example/elarayax/naves/service/ProductoService.java:[109,24] cannot find symbol
  symbol:   method getMarca()
  location: variable producto of type com.example.elarayax.naves.model.Producto
[ERROR] /C:/Users/Pablo/Documents/Backend_Tienda/src/main/java/com/example/elarayax/naves/service/ProductoService.java:[110,51] cannot find symbol
  symbol:   method getMarca()
  location: variable producto of type com.example.elarayax.naves.model.Producto
[ERROR] /C:/Users/Pablo/Documents/Backend_Tienda/src/main/java/com/example/elarayax/naves/service/ProductoService.java:[113,24] cannot find symbol
  symbol:   method getTalla()
  location: variable producto of type com.example.elarayax.naves.model.Producto
[ERROR] /C:/Users/Pablo/Documents/Backend_Tienda/src/main/java/com/example/elarayax/naves/service/ProductoService.java:[114,51] cannot find symbol
  symbol:   method getTalla()
  location: variable producto of type com.example.elarayax.naves.model.Producto
[INFO] 100 errors 
[INFO] -------------------------------------------------------------
[INFO] ------------------------------------------------------------------------
[INFO] BUILD FAILURE
[INFO] ------------------------------------------------------------------------
[INFO] Total time:  2.697 s
[INFO] Finished at: 2025-12-18T14:39:18-03:00
[INFO] ------------------------------------------------------------------------
[ERROR] Failed to execute goal org.apache.maven.plugins:maven-compiler-plugin:3.14.1:compile (default-compile) on project naves: Compilation failure: Compilation failure: 
[ERROR] /C:/Users/Pablo/Documents/Backend_Tienda/src/main/java/com/example/elarayax/naves/security/JwtUtil.java:[3,8] class JwUtil is public, should be declared in a file named JwUtil.java
[ERROR] /C:/Users/Pablo/Documents/Backend_Tienda/src/main/java/com/example/elarayax/naves/controller/AuthController.java:[28,53] cannot find symbol
[ERROR]   symbol:   method getCorreo()
[ERROR]   location: variable usuario of type com.example.elarayax.naves.model.Usuario
[ERROR] /C:/Users/Pablo/Documents/Backend_Tienda/src/main/java/com/example/elarayax/naves/controller/AuthController.java:[32,61] cannot find symbol
[ERROR]   symbol:   method getContrasena()
[ERROR]   location: variable usuario of type com.example.elarayax.naves.model.Usuario
[ERROR] /C:/Users/Pablo/Documents/Backend_Tienda/src/main/java/com/example/elarayax/naves/controller/AuthController.java:[34,16] cannot find symbol
[ERROR]   symbol:   method setRol(java.lang.String)
[ERROR]   location: variable usuario of type com.example.elarayax.naves.model.Usuario
[ERROR] /C:/Users/Pablo/Documents/Backend_Tienda/src/main/java/com/example/elarayax/naves/controller/AuthController.java:[36,34] cannot find symbol
[ERROR]   symbol:   method getCorreo()
[ERROR]   location: variable usuario of type com.example.elarayax.naves.model.Usuario
[ERROR] /C:/Users/Pablo/Documents/Backend_Tienda/src/main/java/com/example/elarayax/naves/controller/AuthController.java:[49,65] cannot find symbol
[ERROR]   symbol:   method getCorreo()
[ERROR]   location: variable request of type com.example.elarayax.naves.dto.LoginRequest
[ERROR] /C:/Users/Pablo/Documents/Backend_Tienda/src/main/java/com/example/elarayax/naves/controller/AuthController.java:[51,64] cannot find symbol
[ERROR]   symbol:   method getContrasena()
[ERROR]   location: variable request of type com.example.elarayax.naves.dto.LoginRequest
[ERROR] /C:/Users/Pablo/Documents/Backend_Tienda/src/main/java/com/example/elarayax/naves/controller/AuthController.java:[51,89] cannot find symbol
[ERROR]   symbol:   method getContrasena()
[ERROR]   location: variable usuario of type com.example.elarayax.naves.model.Usuario
[ERROR] /C:/Users/Pablo/Documents/Backend_Tienda/src/main/java/com/example/elarayax/naves/controller/CategoriaController.java:[53,18] cannot find symbol
[ERROR]   symbol:   method setId(java.lang.Long)
[ERROR]   location: variable categoria of type com.example.elarayax.naves.model.Categoria
[ERROR] /C:/Users/Pablo/Documents/Backend_Tienda/src/main/java/com/example/elarayax/naves/controller/CategoriaController.java:[63,18] cannot find symbol
[ERROR]   symbol:   method setId(java.lang.Long)
[ERROR]   location: variable categoria of type com.example.elarayax.naves.model.Categoria
[ERROR] /C:/Users/Pablo/Documents/Backend_Tienda/src/main/java/com/example/elarayax/naves/service/CategoriaService.java:[41,77] cannot find symbol
[ERROR]   symbol:   method getId()
[ERROR]   location: variable categoria of type com.example.elarayax.naves.model.Categoria
[ERROR] /C:/Users/Pablo/Documents/Backend_Tienda/src/main/java/com/example/elarayax/naves/service/CategoriaService.java:[43,26] cannot find symbol
[ERROR]   symbol:   method getTipoCategoria()
[ERROR]   location: variable categoria of type com.example.elarayax.naves.model.Categoria
[ERROR] /C:/Users/Pablo/Documents/Backend_Tienda/src/main/java/com/example/elarayax/naves/service/CategoriaService.java:[44,61] cannot find symbol
[ERROR]   symbol:   method getTipoCategoria()
[ERROR]   location: variable categoria of type com.example.elarayax.naves.model.Categoria
[ERROR] /C:/Users/Pablo/Documents/Backend_Tienda/src/main/java/com/example/elarayax/naves/controller/ComprobanteController.java:[61,20] cannot find symbol
[ERROR]   symbol:   method setId(java.lang.Long)
[ERROR]   location: variable comprobante of type com.example.elarayax.naves.model.Comprobante
[ERROR] /C:/Users/Pablo/Documents/Backend_Tienda/src/main/java/com/example/elarayax/naves/service/ComprobanteService.java:[59,54] cannot find symbol
[ERROR]   symbol:   method getUsuarioId()
[ERROR]   location: variable req of type com.example.elarayax.naves.dto.CarritoRequest
[ERROR] /C:/Users/Pablo/Documents/Backend_Tienda/src/main/java/com/example/elarayax/naves/service/ComprobanteService.java:[64,51] cannot find symbol
[ERROR]   symbol:   method getEstadoId()
[ERROR]   location: variable req of type com.example.elarayax.naves.dto.CarritoRequest
[ERROR] /C:/Users/Pablo/Documents/Backend_Tienda/src/main/java/com/example/elarayax/naves/service/ComprobanteService.java:[69,59] cannot find symbol
[ERROR]   symbol:   method getMetodoPagoId()
[ERROR]   location: variable req of type com.example.elarayax.naves.dto.CarritoRequest
[ERROR] /C:/Users/Pablo/Documents/Backend_Tienda/src/main/java/com/example/elarayax/naves/service/ComprobanteService.java:[75,20] cannot find symbol
[ERROR]   symbol:   method setId(<nulltype>)
[ERROR]   location: variable comprobante of type com.example.elarayax.naves.model.Comprobante
[ERROR] /C:/Users/Pablo/Documents/Backend_Tienda/src/main/java/com/example/elarayax/naves/service/ComprobanteService.java:[76,20] cannot find symbol
[ERROR]   symbol:   method setUsuario(com.example.elarayax.naves.model.Usuario)
[ERROR]   location: variable comprobante of type com.example.elarayax.naves.model.Comprobante
[ERROR] /C:/Users/Pablo/Documents/Backend_Tienda/src/main/java/com/example/elarayax/naves/service/ComprobanteService.java:[77,20] cannot find symbol
[ERROR]   symbol:   method setEstado(com.example.elarayax.naves.model.Estado)
[ERROR]   location: variable comprobante of type com.example.elarayax.naves.model.Comprobante
[ERROR] /C:/Users/Pablo/Documents/Backend_Tienda/src/main/java/com/example/elarayax/naves/service/ComprobanteService.java:[78,20] cannot find symbol
[ERROR]   symbol:   method setMetodoPago(com.example.elarayax.naves.model.MetodoPago)
[ERROR]   location: variable comprobante of type com.example.elarayax.naves.model.Comprobante
[ERROR] /C:/Users/Pablo/Documents/Backend_Tienda/src/main/java/com/example/elarayax/naves/service/ComprobanteService.java:[79,20] cannot find symbol
[ERROR]   symbol:   method setFechaOrden(java.lang.String)
[ERROR]   location: variable comprobante of type com.example.elarayax.naves.model.Comprobante
[ERROR] /C:/Users/Pablo/Documents/Backend_Tienda/src/main/java/com/example/elarayax/naves/service/ComprobanteService.java:[80,20] cannot find symbol
[ERROR]   symbol:   method setTotalCompra(double)
[ERROR]   location: variable comprobante of type com.example.elarayax.naves.model.Comprobante
[ERROR] /C:/Users/Pablo/Documents/Backend_Tienda/src/main/java/com/example/elarayax/naves/service/ComprobanteService.java:[86,43] cannot find symbol
[ERROR]   symbol:   method getItems()
[ERROR]   location: variable req of type com.example.elarayax.naves.dto.CarritoRequest
[ERROR] /C:/Users/Pablo/Documents/Backend_Tienda/src/main/java/com/example/elarayax/naves/service/ComprobanteService.java:[88,62] cannot find symbol
[ERROR]   symbol:   method getProductoId()
[ERROR]   location: variable item of type com.example.elarayax.naves.dto.CarritoItemRequest
[ERROR] /C:/Users/Pablo/Documents/Backend_Tienda/src/main/java/com/example/elarayax/naves/service/ComprobanteService.java:[90,77] cannot find symbol
[ERROR]   symbol:   method getProductoId()
[ERROR]   location: variable item of type com.example.elarayax.naves.dto.CarritoItemRequest
[ERROR] /C:/Users/Pablo/Documents/Backend_Tienda/src/main/java/com/example/elarayax/naves/service/ComprobanteService.java:[94,37] cannot find symbol
[ERROR]   symbol:   method getCantidad()
[ERROR]   location: variable item of type com.example.elarayax.naves.dto.CarritoItemRequest
[ERROR] /C:/Users/Pablo/Documents/Backend_Tienda/src/main/java/com/example/elarayax/naves/service/ComprobanteService.java:[95,43] cannot find symbol
[ERROR]   symbol:   method getPrecioUnitario()
[ERROR]   location: variable item of type com.example.elarayax.naves.dto.CarritoItemRequest
[ERROR] /C:/Users/Pablo/Documents/Backend_Tienda/src/main/java/com/example/elarayax/naves/service/ComprobanteService.java:[96,20] cannot find symbol
[ERROR]   symbol:   method setProducto(com.example.elarayax.naves.model.Producto)
[ERROR]   location: variable detalle of type com.example.elarayax.naves.model.DetalleComprobante
[ERROR] /C:/Users/Pablo/Documents/Backend_Tienda/src/main/java/com/example/elarayax/naves/service/ComprobanteService.java:[97,20] cannot find symbol
[ERROR]   symbol:   method setComprobante(com.example.elarayax.naves.model.Comprobante)
[ERROR]   location: variable detalle of type com.example.elarayax.naves.model.DetalleComprobante
[ERROR] /C:/Users/Pablo/Documents/Backend_Tienda/src/main/java/com/example/elarayax/naves/service/ComprobanteService.java:[101,26] cannot find symbol
[ERROR]   symbol:   method getCantidad()
[ERROR]   location: variable item of type com.example.elarayax.naves.dto.CarritoItemRequest
[ERROR] /C:/Users/Pablo/Documents/Backend_Tienda/src/main/java/com/example/elarayax/naves/service/ComprobanteService.java:[101,47] cannot find symbol
[ERROR]   symbol:   method getPrecioUnitario()
[ERROR]   location: variable item of type com.example.elarayax.naves.dto.CarritoItemRequest
[ERROR] /C:/Users/Pablo/Documents/Backend_Tienda/src/main/java/com/example/elarayax/naves/service/ComprobanteService.java:[104,20] cannot find symbol
[ERROR]   symbol:   method setTotalCompra(double)
[ERROR]   location: variable comprobante of type com.example.elarayax.naves.model.Comprobante
[ERROR] /C:/Users/Pablo/Documents/Backend_Tienda/src/main/java/com/example/elarayax/naves/service/ComprobanteService.java:[109,85] cannot find symbol
[ERROR]   symbol:   method getId()
[ERROR]   location: variable comprobante of type com.example.elarayax.naves.model.Comprobante
[ERROR] /C:/Users/Pablo/Documents/Backend_Tienda/src/main/java/com/example/elarayax/naves/service/ComprobanteService.java:[111,28] cannot find symbol
[ERROR]   symbol:   method getFechaOrden()
[ERROR]   location: variable comprobante of type com.example.elarayax.naves.model.Comprobante
[ERROR] /C:/Users/Pablo/Documents/Backend_Tienda/src/main/java/com/example/elarayax/naves/service/ComprobanteService.java:[112,62] cannot find symbol
[ERROR]   symbol:   method getFechaOrden()
[ERROR]   location: variable comprobante of type com.example.elarayax.naves.model.Comprobante
[ERROR] /C:/Users/Pablo/Documents/Backend_Tienda/src/main/java/com/example/elarayax/naves/service/ComprobanteService.java:[114,32] cannot find symbol
[ERROR]   symbol:   method getTotalCompra()
[ERROR]   location: variable comprobante of type com.example.elarayax.naves.model.Comprobante
[ERROR] /C:/Users/Pablo/Documents/Backend_Tienda/src/main/java/com/example/elarayax/naves/service/ComprobanteService.java:[115,63] cannot find symbol
[ERROR]   symbol:   method getTotalCompra()
[ERROR]   location: variable comprobante of type com.example.elarayax.naves.model.Comprobante
[ERROR] /C:/Users/Pablo/Documents/Backend_Tienda/src/main/java/com/example/elarayax/naves/service/ComprobanteService.java:[117,28] cannot find symbol
[ERROR]   symbol:   method getUsuario()
[ERROR]   location: variable comprobante of type com.example.elarayax.naves.model.Comprobante
[ERROR] /C:/Users/Pablo/Documents/Backend_Tienda/src/main/java/com/example/elarayax/naves/service/ComprobanteService.java:[118,59] cannot find symbol
[ERROR]   symbol:   method getUsuario()
[ERROR]   location: variable comprobante of type com.example.elarayax.naves.model.Comprobante
[ERROR] /C:/Users/Pablo/Documents/Backend_Tienda/src/main/java/com/example/elarayax/naves/service/ComprobanteService.java:[121,27] cannot find symbol
[ERROR]   symbol:   method getMetodoPago()
[ERROR]   location: variable comprobante of type com.example.elarayax.naves.model.Comprobante
[ERROR] /C:/Users/Pablo/Documents/Backend_Tienda/src/main/java/com/example/elarayax/naves/service/ComprobanteService.java:[122,62] cannot find symbol
[ERROR]   symbol:   method getMetodoPago()
[ERROR]   location: variable comprobante of type com.example.elarayax.naves.model.Comprobante
[ERROR] /C:/Users/Pablo/Documents/Backend_Tienda/src/main/java/com/example/elarayax/naves/service/ComprobanteService.java:[125,27] cannot find symbol
[ERROR]   symbol:   method getEstado()
[ERROR]   location: variable comprobante of type com.example.elarayax.naves.model.Comprobante
[ERROR] /C:/Users/Pablo/Documents/Backend_Tienda/src/main/java/com/example/elarayax/naves/service/ComprobanteService.java:[126,58] cannot find symbol
[ERROR]   symbol:   method getEstado()
[ERROR]   location: variable comprobante of type com.example.elarayax.naves.model.Comprobante
[ERROR] /C:/Users/Pablo/Documents/Backend_Tienda/src/main/java/com/example/elarayax/naves/service/ComprobanteService.java:[129,27] cannot find symbol
[ERROR]   symbol:   method getEnvio()
[ERROR]   location: variable comprobante of type com.example.elarayax.naves.model.Comprobante
[ERROR] /C:/Users/Pablo/Documents/Backend_Tienda/src/main/java/com/example/elarayax/naves/service/ComprobanteService.java:[130,57] cannot find symbol
[ERROR]   symbol:   method getEnvio()
[ERROR]   location: variable comprobante of type com.example.elarayax.naves.model.Comprobante
[ERROR] /C:/Users/Pablo/Documents/Backend_Tienda/src/main/java/com/example/elarayax/naves/service/UsuarioService.java:[35,70] cannot find symbol
[ERROR]   symbol:   method getCorreo()
[ERROR]   location: variable usuario of type com.example.elarayax.naves.model.Usuario
[ERROR] /C:/Users/Pablo/Documents/Backend_Tienda/src/main/java/com/example/elarayax/naves/service/UsuarioService.java:[37,68] cannot find symbol
[ERROR]   symbol:   method getContrasena()
[ERROR]   location: variable usuario of type com.example.elarayax.naves.model.Usuario
[ERROR] /C:/Users/Pablo/Documents/Backend_Tienda/src/main/java/com/example/elarayax/naves/service/UsuarioService.java:[37,98] cannot find symbol
[ERROR]   symbol:   method getContrasena()
[ERROR]   location: variable foundUsuario of type com.example.elarayax.naves.model.Usuario
[ERROR] /C:/Users/Pablo/Documents/Backend_Tienda/src/main/java/com/example/elarayax/naves/service/UsuarioService.java:[50,20] cannot find symbol
[ERROR]   symbol:   method getContrasena()
[ERROR]   location: variable usuario of type com.example.elarayax.naves.model.Usuario
[ERROR] /C:/Users/Pablo/Documents/Backend_Tienda/src/main/java/com/example/elarayax/naves/service/UsuarioService.java:[51,65] cannot find symbol
[ERROR]   symbol:   method getContrasena()
[ERROR]   location: variable usuario of type com.example.elarayax.naves.model.Usuario
[ERROR] /C:/Users/Pablo/Documents/Backend_Tienda/src/main/java/com/example/elarayax/naves/service/UsuarioService.java:[62,69] cannot find symbol
[ERROR]   symbol:   method getId()
[ERROR]   location: variable usuario of type com.example.elarayax.naves.model.Usuario
[ERROR] /C:/Users/Pablo/Documents/Backend_Tienda/src/main/java/com/example/elarayax/naves/service/UsuarioService.java:[65,24] cannot find symbol
[ERROR]   symbol:   method getNombre()
[ERROR]   location: variable usuario of type com.example.elarayax.naves.model.Usuario
[ERROR] /C:/Users/Pablo/Documents/Backend_Tienda/src/main/java/com/example/elarayax/naves/service/UsuarioService.java:[66,50] cannot find symbol
[ERROR]   symbol:   method getNombre()
[ERROR]   location: variable usuario of type com.example.elarayax.naves.model.Usuario
[ERROR] /C:/Users/Pablo/Documents/Backend_Tienda/src/main/java/com/example/elarayax/naves/service/UsuarioService.java:[69,24] cannot find symbol
[ERROR]   symbol:   method getCorreo()
[ERROR]   location: variable usuario of type com.example.elarayax.naves.model.Usuario
[ERROR] /C:/Users/Pablo/Documents/Backend_Tienda/src/main/java/com/example/elarayax/naves/service/UsuarioService.java:[70,50] cannot find symbol
[ERROR]   symbol:   method getCorreo()
[ERROR]   location: variable usuario of type com.example.elarayax.naves.model.Usuario
[ERROR] /C:/Users/Pablo/Documents/Backend_Tienda/src/main/java/com/example/elarayax/naves/service/UsuarioService.java:[73,24] cannot find symbol
[ERROR]   symbol:   method getContrasena()
[ERROR]   location: variable usuario of type com.example.elarayax.naves.model.Usuario
[ERROR] /C:/Users/Pablo/Documents/Backend_Tienda/src/main/java/com/example/elarayax/naves/service/UsuarioService.java:[74,77] cannot find symbol
[ERROR]   symbol:   method getContrasena()
[ERROR]   location: variable usuario of type com.example.elarayax.naves.model.Usuario
[ERROR] /C:/Users/Pablo/Documents/Backend_Tienda/src/main/java/com/example/elarayax/naves/service/UsuarioService.java:[77,24] cannot find symbol
[ERROR]   symbol:   method getRol()
[ERROR]   location: variable usuario of type com.example.elarayax.naves.model.Usuario
[ERROR] /C:/Users/Pablo/Documents/Backend_Tienda/src/main/java/com/example/elarayax/naves/service/UsuarioService.java:[78,47] cannot find symbol
[ERROR]   symbol:   method getRol()
[ERROR]   location: variable usuario of type com.example.elarayax.naves.model.Usuario
[ERROR] /C:/Users/Pablo/Documents/Backend_Tienda/src/main/java/com/example/elarayax/naves/service/EstadoService.java:[42,65] cannot find symbol
[ERROR]   symbol:   method getId()
[ERROR]   location: variable estado of type com.example.elarayax.naves.model.Estado
[ERROR] /C:/Users/Pablo/Documents/Backend_Tienda/src/main/java/com/example/elarayax/naves/service/EstadoService.java:[44,23] cannot find symbol
[ERROR]   symbol:   method getNombreEstado()
[ERROR]   location: variable estado of type com.example.elarayax.naves.model.Estado
[ERROR] /C:/Users/Pablo/Documents/Backend_Tienda/src/main/java/com/example/elarayax/naves/service/EstadoService.java:[45,54] cannot find symbol
[ERROR]   symbol:   method getNombreEstado()
[ERROR]   location: variable estado of type com.example.elarayax.naves.model.Estado
[ERROR] /C:/Users/Pablo/Documents/Backend_Tienda/src/main/java/com/example/elarayax/naves/service/MetodoPagoService.java:[33,81] cannot find symbol
[ERROR]   symbol:   method getId()
[ERROR]   location: variable metodoPago of type com.example.elarayax.naves.model.MetodoPago
[ERROR] /C:/Users/Pablo/Documents/Backend_Tienda/src/main/java/com/example/elarayax/naves/service/MetodoPagoService.java:[35,27] cannot find symbol
[ERROR]   symbol:   method getNombreMetodo()
[ERROR]   location: variable metodoPago of type com.example.elarayax.naves.model.MetodoPago
[ERROR] /C:/Users/Pablo/Documents/Backend_Tienda/src/main/java/com/example/elarayax/naves/service/MetodoPagoService.java:[36,62] cannot find symbol
[ERROR]   symbol:   method getNombreMetodo()
[ERROR]   location: variable metodoPago of type com.example.elarayax.naves.model.MetodoPago
[ERROR] /C:/Users/Pablo/Documents/Backend_Tienda/src/main/java/com/example/elarayax/naves/service/MetodoPagoService.java:[38,31] cannot find symbol
[ERROR]   symbol:   method getDescripcion()
[ERROR]   location: variable metodoPago of type com.example.elarayax.naves.model.MetodoPago
[ERROR] /C:/Users/Pablo/Documents/Backend_Tienda/src/main/java/com/example/elarayax/naves/service/MetodoPagoService.java:[39,61] cannot find symbol
[ERROR]   symbol:   method getDescripcion()
[ERROR]   location: variable metodoPago of type com.example.elarayax.naves.model.MetodoPago
[ERROR] /C:/Users/Pablo/Documents/Backend_Tienda/src/main/java/com/example/elarayax/naves/service/MetodoPagoService.java:[41,27] cannot find symbol
[ERROR]   symbol:   method getComision()
[ERROR]   location: variable metodoPago of type com.example.elarayax.naves.model.MetodoPago
[ERROR] /C:/Users/Pablo/Documents/Backend_Tienda/src/main/java/com/example/elarayax/naves/service/MetodoPagoService.java:[42,58] cannot find symbol
[ERROR]   symbol:   method getComision()
[ERROR]   location: variable metodoPago of type com.example.elarayax.naves.model.MetodoPago
[ERROR] /C:/Users/Pablo/Documents/Backend_Tienda/src/main/java/com/example/elarayax/naves/service/ProductoService.java:[67,16] cannot find symbol
[ERROR]   symbol:   method getNombreProducto()
[ERROR]   location: variable dto of type com.example.elarayax.naves.dto.ProductoDTO
[ERROR] /C:/Users/Pablo/Documents/Backend_Tienda/src/main/java/com/example/elarayax/naves/service/ProductoService.java:[67,69] cannot find symbol
[ERROR]   symbol:   method getNombreProducto()
[ERROR]   location: variable dto of type com.example.elarayax.naves.dto.ProductoDTO
[ERROR] /C:/Users/Pablo/Documents/Backend_Tienda/src/main/java/com/example/elarayax/naves/service/ProductoService.java:[68,16] cannot find symbol
[ERROR]   symbol:   method getPrecioProducto()
[ERROR]   location: variable dto of type com.example.elarayax.naves.dto.ProductoDTO
[ERROR] /C:/Users/Pablo/Documents/Backend_Tienda/src/main/java/com/example/elarayax/naves/service/ProductoService.java:[68,69] cannot find symbol
[ERROR]   symbol:   method getPrecioProducto()
[ERROR]   location: variable dto of type com.example.elarayax.naves.dto.ProductoDTO
[ERROR] /C:/Users/Pablo/Documents/Backend_Tienda/src/main/java/com/example/elarayax/naves/service/ProductoService.java:[69,16] cannot find symbol
[ERROR]   symbol:   method getStock()
[ERROR]   location: variable dto of type com.example.elarayax.naves.dto.ProductoDTO
[ERROR] /C:/Users/Pablo/Documents/Backend_Tienda/src/main/java/com/example/elarayax/naves/service/ProductoService.java:[69,51] cannot find symbol
[ERROR]   symbol:   method getStock()
[ERROR]   location: variable dto of type com.example.elarayax.naves.dto.ProductoDTO
[ERROR] /C:/Users/Pablo/Documents/Backend_Tienda/src/main/java/com/example/elarayax/naves/service/ProductoService.java:[71,16] cannot find symbol
[ERROR]   symbol:   method getCategoriaId()
[ERROR]   location: variable dto of type com.example.elarayax.naves.dto.ProductoDTO
[ERROR] /C:/Users/Pablo/Documents/Backend_Tienda/src/main/java/com/example/elarayax/naves/service/ProductoService.java:[72,59] cannot find symbol
[ERROR]   symbol:   method getCategoriaId()
[ERROR]   location: variable dto of type com.example.elarayax.naves.dto.ProductoDTO
[ERROR] /C:/Users/Pablo/Documents/Backend_Tienda/src/main/java/com/example/elarayax/naves/service/ProductoService.java:[74,14] cannot find symbol
[ERROR]   symbol:   method setCategoria(com.example.elarayax.naves.model.Categoria)
[ERROR]   location: variable p of type com.example.elarayax.naves.model.Producto
[ERROR] /C:/Users/Pablo/Documents/Backend_Tienda/src/main/java/com/example/elarayax/naves/service/ProductoService.java:[77,16] cannot find symbol
[ERROR]   symbol:   method getMarcaId()
[ERROR]   location: variable dto of type com.example.elarayax.naves.dto.ProductoDTO
[ERROR] /C:/Users/Pablo/Documents/Backend_Tienda/src/main/java/com/example/elarayax/naves/service/ProductoService.java:[78,51] cannot find symbol
[ERROR]   symbol:   method getMarcaId()
[ERROR]   location: variable dto of type com.example.elarayax.naves.dto.ProductoDTO
[ERROR] /C:/Users/Pablo/Documents/Backend_Tienda/src/main/java/com/example/elarayax/naves/service/ProductoService.java:[80,14] cannot find symbol
[ERROR]   symbol:   method setMarca(com.example.elarayax.naves.model.Marca)
[ERROR]   location: variable p of type com.example.elarayax.naves.model.Producto
[ERROR] /C:/Users/Pablo/Documents/Backend_Tienda/src/main/java/com/example/elarayax/naves/service/ProductoService.java:[83,16] cannot find symbol
[ERROR]   symbol:   method getTallaId()
[ERROR]   location: variable dto of type com.example.elarayax.naves.dto.ProductoDTO
[ERROR] /C:/Users/Pablo/Documents/Backend_Tienda/src/main/java/com/example/elarayax/naves/service/ProductoService.java:[84,51] cannot find symbol
[ERROR]   symbol:   method getTallaId()
[ERROR]   location: variable dto of type com.example.elarayax.naves.dto.ProductoDTO
[ERROR] /C:/Users/Pablo/Documents/Backend_Tienda/src/main/java/com/example/elarayax/naves/service/ProductoService.java:[86,14] cannot find symbol
[ERROR]   symbol:   method setTalla(com.example.elarayax.naves.model.Talla)
[ERROR]   location: variable p of type com.example.elarayax.naves.model.Producto
[ERROR] /C:/Users/Pablo/Documents/Backend_Tienda/src/main/java/com/example/elarayax/naves/service/ProductoService.java:[89,16] cannot find symbol
[ERROR]   symbol:   method getImagenUrl()
[ERROR]   location: variable dto of type com.example.elarayax.naves.dto.ProductoDTO
[ERROR] /C:/Users/Pablo/Documents/Backend_Tienda/src/main/java/com/example/elarayax/naves/service/ProductoService.java:[89,47] cannot find symbol
[ERROR]   symbol:   method getImagenUrl()
[ERROR]   location: variable dto of type com.example.elarayax.naves.dto.ProductoDTO
[ERROR] /C:/Users/Pablo/Documents/Backend_Tienda/src/main/java/com/example/elarayax/naves/service/ProductoService.java:[91,27] cannot find symbol
[ERROR]   symbol:   method getImagenUrl()
[ERROR]   location: variable dto of type com.example.elarayax.naves.dto.ProductoDTO
[ERROR] /C:/Users/Pablo/Documents/Backend_Tienda/src/main/java/com/example/elarayax/naves/service/ProductoService.java:[93,14] cannot find symbol
[ERROR]   symbol:   method setImagen(com.example.elarayax.naves.model.Imagen)
[ERROR]   location: variable p of type com.example.elarayax.naves.model.Producto
[ERROR] /C:/Users/Pablo/Documents/Backend_Tienda/src/main/java/com/example/elarayax/naves/service/ProductoService.java:[97,73] cannot find symbol
[ERROR]   symbol:   method getId()
[ERROR]   location: variable producto of type com.example.elarayax.naves.model.Producto
[ERROR] /C:/Users/Pablo/Documents/Backend_Tienda/src/main/java/com/example/elarayax/naves/service/ProductoService.java:[99,25] cannot find symbol
[ERROR]   symbol:   method getNombreProducto()
[ERROR]   location: variable producto of type com.example.elarayax.naves.model.Producto
[ERROR] /C:/Users/Pablo/Documents/Backend_Tienda/src/main/java/com/example/elarayax/naves/service/ProductoService.java:[100,60] cannot find symbol
[ERROR]   symbol:   method getNombreProducto()
[ERROR]   location: variable producto of type com.example.elarayax.naves.model.Producto
[ERROR] /C:/Users/Pablo/Documents/Backend_Tienda/src/main/java/com/example/elarayax/naves/service/ProductoService.java:[102,29] cannot find symbol
[ERROR]   symbol:   method getPrecioProducto()
[ERROR]   location: variable producto of type com.example.elarayax.naves.model.Producto
[ERROR] /C:/Users/Pablo/Documents/Backend_Tienda/src/main/java/com/example/elarayax/naves/service/ProductoService.java:[103,60] cannot find symbol
[ERROR]   symbol:   method getPrecioProducto()
[ERROR]   location: variable producto of type com.example.elarayax.naves.model.Producto
[ERROR] /C:/Users/Pablo/Documents/Backend_Tienda/src/main/java/com/example/elarayax/naves/service/ProductoService.java:[105,25] cannot find symbol
[ERROR]   symbol:   method getStock()
[ERROR]   location: variable producto of type com.example.elarayax.naves.model.Producto
[ERROR] /C:/Users/Pablo/Documents/Backend_Tienda/src/main/java/com/example/elarayax/naves/service/ProductoService.java:[106,51] cannot find symbol
[ERROR]   symbol:   method getStock()
[ERROR]   location: variable producto of type com.example.elarayax.naves.model.Producto
[ERROR] /C:/Users/Pablo/Documents/Backend_Tienda/src/main/java/com/example/elarayax/naves/service/ProductoService.java:[109,24] cannot find symbol
[ERROR]   symbol:   method getMarca()
[ERROR]   location: variable producto of type com.example.elarayax.naves.model.Producto
[ERROR] /C:/Users/Pablo/Documents/Backend_Tienda/src/main/java/com/example/elarayax/naves/service/ProductoService.java:[110,51] cannot find symbol
[ERROR]   symbol:   method getMarca()
[ERROR]   location: variable producto of type com.example.elarayax.naves.model.Producto
[ERROR] /C:/Users/Pablo/Documents/Backend_Tienda/src/main/java/com/example/elarayax/naves/service/ProductoService.java:[113,24] cannot find symbol
[ERROR]   symbol:   method getTalla()
[ERROR]   location: variable producto of type com.example.elarayax.naves.model.Producto
[ERROR] /C:/Users/Pablo/Documents/Backend_Tienda/src/main/java/com/example/elarayax/naves/service/ProductoService.java:[114,51] cannot find symbol
[ERROR]   symbol:   method getTalla()
[ERROR]   location: variable producto of type com.example.elarayax.naves.model.Producto
[ERROR] -> [Help 1]
[ERROR] 
[ERROR] To see the full stack trace of the errors, re-run Maven with the -e switch.
[ERROR] Re-run Maven using the -X switch to enable full debug logging.
[ERROR] 
[ERROR] For more information about the errors and possible solutions, please read the following articles:
[ERROR] [Help 1] http://cwiki.apache.org/confluence/display/MAVEN/MojoFailureException
